[0m01:17:43.497164 [debug] [MainThread]: Sending event: {'category': 'dbt', 'action': 'invocation', 'label': 'start', 'context': [<snowplow_tracker.self_describing_json.SelfDescribingJson object at 0x714296bcaf00>, <snowplow_tracker.self_describing_json.SelfDescribingJson object at 0x7142968b3b00>, <snowplow_tracker.self_describing_json.SelfDescribingJson object at 0x71429711bd40>]}


============================== 01:17:43.499478 | be3436d5-10d9-4713-88ce-979640c77e3e ==============================
[0m01:17:43.499478 [info ] [MainThread]: Running with dbt=1.10.4
[0m01:17:43.499800 [debug] [MainThread]: running dbt with arguments {'printer_width': '80', 'indirect_selection': 'eager', 'log_cache_events': 'False', 'write_json': 'True', 'partial_parse': 'True', 'cache_selected_only': 'False', 'warn_error': 'None', 'fail_fast': 'False', 'profiles_dir': '/home/juanmangueira/.dbt', 'log_path': 'logs', 'debug': 'False', 'version_check': 'True', 'use_colors': 'True', 'use_experimental_parser': 'False', 'no_print': 'None', 'quiet': 'False', 'empty': 'None', 'warn_error_options': 'WarnErrorOptionsV2(error=[], warn=[], silence=[])', 'invocation_command': 'dbt init', 'log_format': 'default', 'introspect': 'True', 'target_path': 'None', 'static_parser': 'True', 'send_anonymous_usage_stats': 'True'}
[0m01:18:23.797353 [debug] [MainThread]: Starter project path: /home/juanmangueira/.pyenv/versions/3.12.10/lib/python3.12/site-packages/dbt/include/starter_project
[0m01:18:23.799791 [info ] [MainThread]: 
Your new dbt project "br_economic_pipeline" was created!

For more information on how to configure the profiles.yml file,
please consult the dbt documentation here:

  https://docs.getdbt.com/docs/configure-your-profile

One more thing:

Need help? Don't hesitate to reach out to us via GitHub issues or on Slack:

  https://community.getdbt.com/

Happy modeling!

[0m01:18:23.800198 [info ] [MainThread]: Setting up your profile.
[0m01:19:19.238654 [info ] [MainThread]: Profile br_economic_pipeline written to /home/juanmangueira/.dbt/profiles.yml using target's profile_template.yml and your supplied values. Run 'dbt debug' to validate the connection.
[0m01:19:19.240739 [debug] [MainThread]: Resource report: {"command_name": "init", "command_success": true, "command_wall_clock_time": 95.79017, "process_in_blocks": "7528", "process_kernel_time": 0.126819, "process_mem_max_rss": "105244", "process_out_blocks": "88", "process_user_time": 0.895661}
[0m01:19:19.241112 [debug] [MainThread]: Command `dbt init` succeeded at 01:19:19.241041 after 95.79 seconds
[0m01:19:19.241332 [debug] [MainThread]: Sending event: {'category': 'dbt', 'action': 'invocation', 'label': 'end', 'context': [<snowplow_tracker.self_describing_json.SelfDescribingJson object at 0x71429adbaf30>, <snowplow_tracker.self_describing_json.SelfDescribingJson object at 0x714296412d50>, <snowplow_tracker.self_describing_json.SelfDescribingJson object at 0x714296bfefc0>]}
[0m01:19:19.241554 [debug] [MainThread]: Flushing usage events
[0m01:19:19.913794 [debug] [MainThread]: An error was encountered while trying to flush usage events
